<?xml version="1.0" encoding="UTF-8"?>
<testsuite name="com.myexp.simpleHytrixApp.SimpleHytrixAppApplicationTests" tests="1" skipped="0" failures="0" errors="0" timestamp="2019-02-09T21:15:18" hostname="USSYFKETL201873" time="0.299">
  <properties/>
  <testcase name="contextLoads" classname="com.myexp.simpleHytrixApp.SimpleHytrixAppApplicationTests" time="0.299"/>
  <system-out><![CDATA[16:15:08.846 [Test worker] DEBUG org.springframework.test.context.junit4.SpringJUnit4ClassRunner - SpringJUnit4ClassRunner constructor called with [class com.myexp.simpleHytrixApp.SimpleHytrixAppApplicationTests]
16:15:08.857 [Test worker] DEBUG org.springframework.test.context.BootstrapUtils - Instantiating CacheAwareContextLoaderDelegate from class [org.springframework.test.context.cache.DefaultCacheAwareContextLoaderDelegate]
16:15:08.872 [Test worker] DEBUG org.springframework.test.context.BootstrapUtils - Instantiating BootstrapContext using constructor [public org.springframework.test.context.support.DefaultBootstrapContext(java.lang.Class,org.springframework.test.context.CacheAwareContextLoaderDelegate)]
16:15:08.901 [Test worker] DEBUG org.springframework.test.context.BootstrapUtils - Instantiating TestContextBootstrapper for test class [com.myexp.simpleHytrixApp.SimpleHytrixAppApplicationTests] from class [org.springframework.boot.test.context.SpringBootTestContextBootstrapper]
16:15:08.933 [Test worker] INFO org.springframework.boot.test.context.SpringBootTestContextBootstrapper - Neither @ContextConfiguration nor @ContextHierarchy found for test class [com.myexp.simpleHytrixApp.SimpleHytrixAppApplicationTests], using SpringBootContextLoader
16:15:08.939 [Test worker] DEBUG org.springframework.test.context.support.AbstractContextLoader - Did not detect default resource location for test class [com.myexp.simpleHytrixApp.SimpleHytrixAppApplicationTests]: class path resource [com/myexp/simpleHytrixApp/SimpleHytrixAppApplicationTests-context.xml] does not exist
16:15:08.940 [Test worker] DEBUG org.springframework.test.context.support.AbstractContextLoader - Did not detect default resource location for test class [com.myexp.simpleHytrixApp.SimpleHytrixAppApplicationTests]: class path resource [com/myexp/simpleHytrixApp/SimpleHytrixAppApplicationTestsContext.groovy] does not exist
16:15:08.940 [Test worker] INFO org.springframework.test.context.support.AbstractContextLoader - Could not detect default resource locations for test class [com.myexp.simpleHytrixApp.SimpleHytrixAppApplicationTests]: no resource found for suffixes {-context.xml, Context.groovy}.
16:15:08.941 [Test worker] INFO org.springframework.test.context.support.AnnotationConfigContextLoaderUtils - Could not detect default configuration classes for test class [com.myexp.simpleHytrixApp.SimpleHytrixAppApplicationTests]: SimpleHytrixAppApplicationTests does not declare any static, non-private, non-final, nested classes annotated with @Configuration.
16:15:09.041 [Test worker] DEBUG org.springframework.test.context.support.ActiveProfilesUtils - Could not find an 'annotation declaring class' for annotation type [org.springframework.test.context.ActiveProfiles] and class [com.myexp.simpleHytrixApp.SimpleHytrixAppApplicationTests]
16:15:09.192 [Test worker] DEBUG org.springframework.context.annotation.ClassPathScanningCandidateComponentProvider - Identified candidate component class: file [C:\working\RND1\simpleHytrixApp\build\classes\java\main\com\myexp\simpleHytrixApp\SimpleHytrixAppApplication.class]
16:15:09.195 [Test worker] INFO org.springframework.boot.test.context.SpringBootTestContextBootstrapper - Found @SpringBootConfiguration com.myexp.simpleHytrixApp.SimpleHytrixAppApplication for test class com.myexp.simpleHytrixApp.SimpleHytrixAppApplicationTests
16:15:09.386 [Test worker] DEBUG org.springframework.boot.test.context.SpringBootTestContextBootstrapper - @TestExecutionListeners is not present for class [com.myexp.simpleHytrixApp.SimpleHytrixAppApplicationTests]: using defaults.
16:15:09.387 [Test worker] INFO org.springframework.boot.test.context.SpringBootTestContextBootstrapper - Loaded default TestExecutionListener class names from location [META-INF/spring.factories]: [org.springframework.boot.test.autoconfigure.restdocs.RestDocsTestExecutionListener, org.springframework.boot.test.autoconfigure.web.client.MockRestServiceServerResetTestExecutionListener, org.springframework.boot.test.autoconfigure.web.servlet.MockMvcPrintOnlyOnFailureTestExecutionListener, org.springframework.boot.test.autoconfigure.web.servlet.WebDriverTestExecutionListener, org.springframework.boot.test.mock.mockito.MockitoTestExecutionListener, org.springframework.boot.test.mock.mockito.ResetMocksTestExecutionListener, org.springframework.test.context.web.ServletTestExecutionListener, org.springframework.test.context.support.DirtiesContextBeforeModesTestExecutionListener, org.springframework.test.context.support.DependencyInjectionTestExecutionListener, org.springframework.test.context.support.DirtiesContextTestExecutionListener, org.springframework.test.context.transaction.TransactionalTestExecutionListener, org.springframework.test.context.jdbc.SqlScriptsTestExecutionListener]
16:15:09.416 [Test worker] DEBUG org.springframework.boot.test.context.SpringBootTestContextBootstrapper - Skipping candidate TestExecutionListener [org.springframework.test.context.transaction.TransactionalTestExecutionListener] due to a missing dependency. Specify custom listener classes or make the default listener classes and their required dependencies available. Offending class: [org/springframework/transaction/interceptor/TransactionAttributeSource]
16:15:09.417 [Test worker] DEBUG org.springframework.boot.test.context.SpringBootTestContextBootstrapper - Skipping candidate TestExecutionListener [org.springframework.test.context.jdbc.SqlScriptsTestExecutionListener] due to a missing dependency. Specify custom listener classes or make the default listener classes and their required dependencies available. Offending class: [org/springframework/transaction/interceptor/TransactionAttribute]
16:15:09.417 [Test worker] INFO org.springframework.boot.test.context.SpringBootTestContextBootstrapper - Using TestExecutionListeners: [org.springframework.test.context.web.ServletTestExecutionListener@578dc355, org.springframework.test.context.support.DirtiesContextBeforeModesTestExecutionListener@77552668, org.springframework.boot.test.mock.mockito.MockitoTestExecutionListener@27f6b254, org.springframework.boot.test.autoconfigure.SpringBootDependencyInjectionTestExecutionListener@3eab0877, org.springframework.test.context.support.DirtiesContextTestExecutionListener@705e39c, org.springframework.boot.test.autoconfigure.restdocs.RestDocsTestExecutionListener@593df372, org.springframework.boot.test.autoconfigure.web.client.MockRestServiceServerResetTestExecutionListener@4b4b9e13, org.springframework.boot.test.autoconfigure.web.servlet.MockMvcPrintOnlyOnFailureTestExecutionListener@2d45dfbd, org.springframework.boot.test.autoconfigure.web.servlet.WebDriverTestExecutionListener@5f4c08a, org.springframework.boot.test.mock.mockito.ResetMocksTestExecutionListener@33641525]
16:15:09.423 [Test worker] DEBUG org.springframework.test.annotation.ProfileValueUtils - Retrieved @ProfileValueSourceConfiguration [null] for test class [com.myexp.simpleHytrixApp.SimpleHytrixAppApplicationTests]
16:15:09.424 [Test worker] DEBUG org.springframework.test.annotation.ProfileValueUtils - Retrieved ProfileValueSource type [class org.springframework.test.annotation.SystemProfileValueSource] for class [com.myexp.simpleHytrixApp.SimpleHytrixAppApplicationTests]
16:15:09.425 [Test worker] DEBUG org.springframework.test.annotation.ProfileValueUtils - Retrieved @ProfileValueSourceConfiguration [null] for test class [com.myexp.simpleHytrixApp.SimpleHytrixAppApplicationTests]
16:15:09.425 [Test worker] DEBUG org.springframework.test.annotation.ProfileValueUtils - Retrieved ProfileValueSource type [class org.springframework.test.annotation.SystemProfileValueSource] for class [com.myexp.simpleHytrixApp.SimpleHytrixAppApplicationTests]
16:15:09.434 [Test worker] DEBUG org.springframework.test.context.support.AbstractDirtiesContextTestExecutionListener - Before test class: context [DefaultTestContext@14ea5052 testClass = SimpleHytrixAppApplicationTests, testInstance = [null], testMethod = [null], testException = [null], mergedContextConfiguration = [WebMergedContextConfiguration@abd266c testClass = SimpleHytrixAppApplicationTests, locations = '{}', classes = '{class com.myexp.simpleHytrixApp.SimpleHytrixAppApplication}', contextInitializerClasses = '[]', activeProfiles = '{}', propertySourceLocations = '{}', propertySourceProperties = '{org.springframework.boot.test.context.SpringBootTestContextBootstrapper=true}', contextCustomizers = set[org.springframework.boot.test.autoconfigure.properties.PropertyMappingContextCustomizer@0, org.springframework.boot.test.autoconfigure.web.servlet.WebDriverContextCustomizerFactory$Customizer@4f15fcd3, org.springframework.boot.test.context.filter.ExcludeFilterContextCustomizer@4b6a1059, org.springframework.boot.test.json.DuplicateJsonObjectContextCustomizerFactory$DuplicateJsonObjectContextCustomizer@1d1ea955, org.springframework.boot.test.mock.mockito.MockitoContextCustomizer@0, org.springframework.boot.test.web.client.TestRestTemplateContextCustomizer@405e8953], resourceBasePath = 'src/main/webapp', contextLoader = 'org.springframework.boot.test.context.SpringBootContextLoader', parent = [null]], attributes = map['org.springframework.test.context.web.ServletTestExecutionListener.activateListener' -> true]], class annotated with @DirtiesContext [false] with mode [null].
16:15:09.436 [Test worker] DEBUG org.springframework.test.annotation.ProfileValueUtils - Retrieved @ProfileValueSourceConfiguration [null] for test class [com.myexp.simpleHytrixApp.SimpleHytrixAppApplicationTests]
16:15:09.436 [Test worker] DEBUG org.springframework.test.annotation.ProfileValueUtils - Retrieved ProfileValueSource type [class org.springframework.test.annotation.SystemProfileValueSource] for class [com.myexp.simpleHytrixApp.SimpleHytrixAppApplicationTests]
16:15:09.514 [Test worker] DEBUG org.springframework.test.context.support.TestPropertySourceUtils - Adding inlined properties to environment: {spring.jmx.enabled=false, org.springframework.boot.test.context.SpringBootTestContextBootstrapper=true, server.port=-1}
2019-02-09 16:15:11.340  INFO 21232 --- [    Test worker] trationDelegate$BeanPostProcessorChecker : Bean 'org.springframework.cloud.autoconfigure.ConfigurationPropertiesRebinderAutoConfiguration' of type [org.springframework.cloud.autoconfigure.ConfigurationPropertiesRebinderAutoConfiguration$$EnhancerBySpringCGLIB$$72703c40] is not eligible for getting processed by all BeanPostProcessors (for example: not eligible for auto-proxying)

  .   ____          _            __ _ _
 /\\ / ___'_ __ _ _(_)_ __  __ _ \ \ \ \
( ( )\___ | '_ | '_| | '_ \/ _` | \ \ \ \
 \\/  ___)| |_)| | | | | || (_| |  ) ) ) )
  '  |____| .__|_| |_|_| |_\__, | / / / /
 =========|_|==============|___/=/_/_/_/
 :: Spring Boot ::        (v2.1.2.RELEASE)

2019-02-09 16:15:12.077  INFO 21232 --- [    Test worker] c.m.s.SimpleHytrixAppApplicationTests    : No active profile set, falling back to default profiles: default
2019-02-09 16:15:13.556  WARN 21232 --- [    Test worker] o.s.boot.actuate.endpoint.EndpointId     : Endpoint ID 'hystrix.stream' contains invalid characters, please migrate to a valid format.
2019-02-09 16:15:13.832  INFO 21232 --- [    Test worker] o.s.cloud.context.scope.GenericScope     : BeanFactory id=e592f75a-dc52-3f5d-99ef-60cad977a8f1
2019-02-09 16:15:14.337  INFO 21232 --- [    Test worker] trationDelegate$BeanPostProcessorChecker : Bean 'org.springframework.cloud.autoconfigure.ConfigurationPropertiesRebinderAutoConfiguration' of type [org.springframework.cloud.autoconfigure.ConfigurationPropertiesRebinderAutoConfiguration$$EnhancerBySpringCGLIB$$72703c40] is not eligible for getting processed by all BeanPostProcessors (for example: not eligible for auto-proxying)
2019-02-09 16:15:15.146  WARN 21232 --- [    Test worker] o.s.c.n.a.ArchaiusAutoConfiguration      : No spring.application.name found, defaulting to 'application'
2019-02-09 16:15:15.154  WARN 21232 --- [    Test worker] c.n.c.sources.URLConfigurationSource     : No URLs will be polled as dynamic configuration sources.
2019-02-09 16:15:15.154  INFO 21232 --- [    Test worker] c.n.c.sources.URLConfigurationSource     : To enable URLs as dynamic configuration sources, define System property archaius.configurationSource.additionalUrls or make config.properties available on classpath.
2019-02-09 16:15:15.168  WARN 21232 --- [    Test worker] c.n.c.sources.URLConfigurationSource     : No URLs will be polled as dynamic configuration sources.
2019-02-09 16:15:15.168  INFO 21232 --- [    Test worker] c.n.c.sources.URLConfigurationSource     : To enable URLs as dynamic configuration sources, define System property archaius.configurationSource.additionalUrls or make config.properties available on classpath.
2019-02-09 16:15:16.165  INFO 21232 --- [    Test worker] o.s.s.concurrent.ThreadPoolTaskExecutor  : Initializing ExecutorService 'applicationTaskExecutor'
2019-02-09 16:15:18.319  INFO 21232 --- [    Test worker] o.s.b.a.e.web.EndpointLinksResolver      : Exposing 2 endpoint(s) beneath base path '/actuator'
2019-02-09 16:15:18.432  INFO 21232 --- [    Test worker] c.m.s.SimpleHytrixAppApplicationTests    : Started SimpleHytrixAppApplicationTests in 8.902 seconds (JVM running for 10.583)
]]></system-out>
  <system-err><![CDATA[]]></system-err>
</testsuite>
